  Identification des projets ?? restaurer...
  Tous les projets sont ?? jour pour la restauration.
  MecaPro.Domain -> C:\Users\pc gold\projet dash\mecanicpro\MecaPro\src\MecaPro.Domain\bin\Debug\net8.0\MecaPro.Domain.dll
  MecaPro.Application -> C:\Users\pc gold\projet dash\mecanicpro\MecaPro\src\MecaPro.Application\bin\Debug\net8.0\MecaPro.Application.dll
C:\Users\pc gold\projet dash\mecanicpro\MecaPro\src\MecaPro.Infrastructure\Services\Services.cs(120,90): warning CS9113: Param??tre 'email' non lu. [C:\Users\pc gold\projet dash\mecanicpro\MecaPro\src\MecaPro.Infrastructure\MecaPro.Infrastructure.csproj]
C:\Users\pc gold\projet dash\mecanicpro\MecaPro\src\MecaPro.Infrastructure\Services\Services.cs(95,93): warning CS9113: Param??tre 'uow' non lu. [C:\Users\pc gold\projet dash\mecanicpro\MecaPro\src\MecaPro.Infrastructure\MecaPro.Infrastructure.csproj]
C:\Users\pc gold\projet dash\mecanicpro\MecaPro\src\MecaPro.Infrastructure\Services\Services.cs(95,119): warning CS9113: Param??tre 'notifs' non lu. [C:\Users\pc gold\projet dash\mecanicpro\MecaPro\src\MecaPro.Infrastructure\MecaPro.Infrastructure.csproj]
C:\Users\pc gold\projet dash\mecanicpro\MecaPro\src\MecaPro.Infrastructure\Services\Services.cs(106,27): warning CS1998: Cette m??thode async n'a pas d'op??rateur 'await' et elle s'ex??cutera de fa??on synchrone. Utilisez l'op??rateur 'await' pour attendre les appels d'API non bloquants ou 'await Task.Run(???)' pour effectuer un travail utilisant le processeur sur un thread d'arri??re-plan. [C:\Users\pc gold\projet dash\mecanicpro\MecaPro\src\MecaPro.Infrastructure\MecaPro.Infrastructure.csproj]
C:\Users\pc gold\projet dash\mecanicpro\MecaPro\src\MecaPro.Infrastructure\Auth\Auth.Security.cs(95,95): warning CS9113: Param??tre 'db' non lu. [C:\Users\pc gold\projet dash\mecanicpro\MecaPro\src\MecaPro.Infrastructure\MecaPro.Infrastructure.csproj]
C:\Users\pc gold\projet dash\mecanicpro\MecaPro\src\MecaPro.Infrastructure\Auth\Auth.Security.cs(95,119): warning CS9113: Param??tre 'currentUser' non lu. [C:\Users\pc gold\projet dash\mecanicpro\MecaPro\src\MecaPro.Infrastructure\MecaPro.Infrastructure.csproj]
C:\Users\pc gold\projet dash\mecanicpro\MecaPro\src\MecaPro.Infrastructure\Persistence\Database.cs(161,67): warning CS9113: Param??tre 'userManager' non lu. [C:\Users\pc gold\projet dash\mecanicpro\MecaPro\src\MecaPro.Infrastructure\MecaPro.Infrastructure.csproj]
C:\Users\pc gold\projet dash\mecanicpro\MecaPro\src\MecaPro.Infrastructure\Services\Services.cs(26,73): warning CS9113: Param??tre 'db' non lu. [C:\Users\pc gold\projet dash\mecanicpro\MecaPro\src\MecaPro.Infrastructure\MecaPro.Infrastructure.csproj]
C:\Users\pc gold\projet dash\mecanicpro\MecaPro\src\MecaPro.Infrastructure\Services\Services.cs(26,89): warning CS9113: Param??tre 'uow' non lu. [C:\Users\pc gold\projet dash\mecanicpro\MecaPro\src\MecaPro.Infrastructure\MecaPro.Infrastructure.csproj]
C:\Users\pc gold\projet dash\mecanicpro\MecaPro\src\MecaPro.Infrastructure\Auth\Auth.Security.cs(116,48): warning CS1998: Cette m??thode async n'a pas d'op??rateur 'await' et elle s'ex??cutera de fa??on synchrone. Utilisez l'op??rateur 'await' pour attendre les appels d'API non bloquants ou 'await Task.Run(???)' pour effectuer un travail utilisant le processeur sur un thread d'arri??re-plan. [C:\Users\pc gold\projet dash\mecanicpro\MecaPro\src\MecaPro.Infrastructure\MecaPro.Infrastructure.csproj]
C:\Users\pc gold\projet dash\mecanicpro\MecaPro\src\MecaPro.Infrastructure\Persistence\Database.cs(115,29): warning CS1998: Cette m??thode async n'a pas d'op??rateur 'await' et elle s'ex??cutera de fa??on synchrone. Utilisez l'op??rateur 'await' pour attendre les appels d'API non bloquants ou 'await Task.Run(???)' pour effectuer un travail utilisant le processeur sur un thread d'arri??re-plan. [C:\Users\pc gold\projet dash\mecanicpro\MecaPro\src\MecaPro.Infrastructure\MecaPro.Infrastructure.csproj]
  MecaPro.Infrastructure -> C:\Users\pc gold\projet dash\mecanicpro\MecaPro\src\MecaPro.Infrastructure\bin\Debug\net8.0\MecaPro.Infrastructure.dll
C:\Users\pc gold\projet dash\mecanicpro\MecaPro\src\MecaPro.API\Hubs\Hubs.cs(7,30): error CS0234: Le nom de type ou d'espace de noms 'Data' n'existe pas dans l'espace de noms 'MecaPro.Infrastructure' (vous manque-t-il une r??f??rence d'assembly???) [C:\Users\pc gold\projet dash\mecanicpro\MecaPro\src\MecaPro.API\MecaPro.API.csproj]
C:\Users\pc gold\projet dash\mecanicpro\MecaPro\src\MecaPro.API\Hubs\Hubs.cs(13,22): error CS0246: Le nom de type ou d'espace de noms 'AppDbContext' est introuvable (vous manque-t-il une directive using ou une r??f??rence d'assembly???) [C:\Users\pc gold\projet dash\mecanicpro\MecaPro\src\MecaPro.API\MecaPro.API.csproj]

??CHEC de la build.

C:\Users\pc gold\projet dash\mecanicpro\MecaPro\src\MecaPro.Infrastructure\Services\Services.cs(120,90): warning CS9113: Param??tre 'email' non lu. [C:\Users\pc gold\projet dash\mecanicpro\MecaPro\src\MecaPro.Infrastructure\MecaPro.Infrastructure.csproj]
C:\Users\pc gold\projet dash\mecanicpro\MecaPro\src\MecaPro.Infrastructure\Services\Services.cs(95,93): warning CS9113: Param??tre 'uow' non lu. [C:\Users\pc gold\projet dash\mecanicpro\MecaPro\src\MecaPro.Infrastructure\MecaPro.Infrastructure.csproj]
C:\Users\pc gold\projet dash\mecanicpro\MecaPro\src\MecaPro.Infrastructure\Services\Services.cs(95,119): warning CS9113: Param??tre 'notifs' non lu. [C:\Users\pc gold\projet dash\mecanicpro\MecaPro\src\MecaPro.Infrastructure\MecaPro.Infrastructure.csproj]
C:\Users\pc gold\projet dash\mecanicpro\MecaPro\src\MecaPro.Infrastructure\Services\Services.cs(106,27): warning CS1998: Cette m??thode async n'a pas d'op??rateur 'await' et elle s'ex??cutera de fa??on synchrone. Utilisez l'op??rateur 'await' pour attendre les appels d'API non bloquants ou 'await Task.Run(???)' pour effectuer un travail utilisant le processeur sur un thread d'arri??re-plan. [C:\Users\pc gold\projet dash\mecanicpro\MecaPro\src\MecaPro.Infrastructure\MecaPro.Infrastructure.csproj]
C:\Users\pc gold\projet dash\mecanicpro\MecaPro\src\MecaPro.Infrastructure\Auth\Auth.Security.cs(95,95): warning CS9113: Param??tre 'db' non lu. [C:\Users\pc gold\projet dash\mecanicpro\MecaPro\src\MecaPro.Infrastructure\MecaPro.Infrastructure.csproj]
C:\Users\pc gold\projet dash\mecanicpro\MecaPro\src\MecaPro.Infrastructure\Auth\Auth.Security.cs(95,119): warning CS9113: Param??tre 'currentUser' non lu. [C:\Users\pc gold\projet dash\mecanicpro\MecaPro\src\MecaPro.Infrastructure\MecaPro.Infrastructure.csproj]
C:\Users\pc gold\projet dash\mecanicpro\MecaPro\src\MecaPro.Infrastructure\Persistence\Database.cs(161,67): warning CS9113: Param??tre 'userManager' non lu. [C:\Users\pc gold\projet dash\mecanicpro\MecaPro\src\MecaPro.Infrastructure\MecaPro.Infrastructure.csproj]
C:\Users\pc gold\projet dash\mecanicpro\MecaPro\src\MecaPro.Infrastructure\Services\Services.cs(26,73): warning CS9113: Param??tre 'db' non lu. [C:\Users\pc gold\projet dash\mecanicpro\MecaPro\src\MecaPro.Infrastructure\MecaPro.Infrastructure.csproj]
C:\Users\pc gold\projet dash\mecanicpro\MecaPro\src\MecaPro.Infrastructure\Services\Services.cs(26,89): warning CS9113: Param??tre 'uow' non lu. [C:\Users\pc gold\projet dash\mecanicpro\MecaPro\src\MecaPro.Infrastructure\MecaPro.Infrastructure.csproj]
C:\Users\pc gold\projet dash\mecanicpro\MecaPro\src\MecaPro.Infrastructure\Auth\Auth.Security.cs(116,48): warning CS1998: Cette m??thode async n'a pas d'op??rateur 'await' et elle s'ex??cutera de fa??on synchrone. Utilisez l'op??rateur 'await' pour attendre les appels d'API non bloquants ou 'await Task.Run(???)' pour effectuer un travail utilisant le processeur sur un thread d'arri??re-plan. [C:\Users\pc gold\projet dash\mecanicpro\MecaPro\src\MecaPro.Infrastructure\MecaPro.Infrastructure.csproj]
C:\Users\pc gold\projet dash\mecanicpro\MecaPro\src\MecaPro.Infrastructure\Persistence\Database.cs(115,29): warning CS1998: Cette m??thode async n'a pas d'op??rateur 'await' et elle s'ex??cutera de fa??on synchrone. Utilisez l'op??rateur 'await' pour attendre les appels d'API non bloquants ou 'await Task.Run(???)' pour effectuer un travail utilisant le processeur sur un thread d'arri??re-plan. [C:\Users\pc gold\projet dash\mecanicpro\MecaPro\src\MecaPro.Infrastructure\MecaPro.Infrastructure.csproj]
C:\Users\pc gold\projet dash\mecanicpro\MecaPro\src\MecaPro.API\Hubs\Hubs.cs(7,30): error CS0234: Le nom de type ou d'espace de noms 'Data' n'existe pas dans l'espace de noms 'MecaPro.Infrastructure' (vous manque-t-il une r??f??rence d'assembly???) [C:\Users\pc gold\projet dash\mecanicpro\MecaPro\src\MecaPro.API\MecaPro.API.csproj]
C:\Users\pc gold\projet dash\mecanicpro\MecaPro\src\MecaPro.API\Hubs\Hubs.cs(13,22): error CS0246: Le nom de type ou d'espace de noms 'AppDbContext' est introuvable (vous manque-t-il une directive using ou une r??f??rence d'assembly???) [C:\Users\pc gold\projet dash\mecanicpro\MecaPro\src\MecaPro.API\MecaPro.API.csproj]
    11 Avertissement(s)
    2 Erreur(s)

Temps ??coul?? 00:00:32.04
