  Identification des projets ?? restaurer...
  Tous les projets sont ?? jour pour la restauration.
  MecaPro.Domain -> C:\Users\pc gold\projet dash\mecanicpro\MecaPro\src\MecaPro.Domain\bin\Debug\net8.0\MecaPro.Domain.dll
  MecaPro.Application -> C:\Users\pc gold\projet dash\mecanicpro\MecaPro\src\MecaPro.Application\bin\Debug\net8.0\MecaPro.Application.dll
C:\Users\pc gold\projet dash\mecanicpro\MecaPro\src\MecaPro.Infrastructure\Services\Services.cs(120,90): warning CS9113: Param??tre 'email' non lu. [C:\Users\pc gold\projet dash\mecanicpro\MecaPro\src\MecaPro.Infrastructure\MecaPro.Infrastructure.csproj]
C:\Users\pc gold\projet dash\mecanicpro\MecaPro\src\MecaPro.Infrastructure\Auth\Auth.Security.cs(95,95): warning CS9113: Param??tre 'db' non lu. [C:\Users\pc gold\projet dash\mecanicpro\MecaPro\src\MecaPro.Infrastructure\MecaPro.Infrastructure.csproj]
C:\Users\pc gold\projet dash\mecanicpro\MecaPro\src\MecaPro.Infrastructure\Auth\Auth.Security.cs(95,119): warning CS9113: Param??tre 'currentUser' non lu. [C:\Users\pc gold\projet dash\mecanicpro\MecaPro\src\MecaPro.Infrastructure\MecaPro.Infrastructure.csproj]
C:\Users\pc gold\projet dash\mecanicpro\MecaPro\src\MecaPro.Infrastructure\Persistence\Database.cs(161,67): warning CS9113: Param??tre 'userManager' non lu. [C:\Users\pc gold\projet dash\mecanicpro\MecaPro\src\MecaPro.Infrastructure\MecaPro.Infrastructure.csproj]
C:\Users\pc gold\projet dash\mecanicpro\MecaPro\src\MecaPro.Infrastructure\Auth\Auth.Security.cs(116,48): warning CS1998: Cette m??thode async n'a pas d'op??rateur 'await' et elle s'ex??cutera de fa??on synchrone. Utilisez l'op??rateur 'await' pour attendre les appels d'API non bloquants ou 'await Task.Run(???)' pour effectuer un travail utilisant le processeur sur un thread d'arri??re-plan. [C:\Users\pc gold\projet dash\mecanicpro\MecaPro\src\MecaPro.Infrastructure\MecaPro.Infrastructure.csproj]
C:\Users\pc gold\projet dash\mecanicpro\MecaPro\src\MecaPro.Infrastructure\Persistence\Database.cs(115,29): warning CS1998: Cette m??thode async n'a pas d'op??rateur 'await' et elle s'ex??cutera de fa??on synchrone. Utilisez l'op??rateur 'await' pour attendre les appels d'API non bloquants ou 'await Task.Run(???)' pour effectuer un travail utilisant le processeur sur un thread d'arri??re-plan. [C:\Users\pc gold\projet dash\mecanicpro\MecaPro\src\MecaPro.Infrastructure\MecaPro.Infrastructure.csproj]
C:\Users\pc gold\projet dash\mecanicpro\MecaPro\src\MecaPro.Infrastructure\Services\Services.cs(26,73): warning CS9113: Param??tre 'db' non lu. [C:\Users\pc gold\projet dash\mecanicpro\MecaPro\src\MecaPro.Infrastructure\MecaPro.Infrastructure.csproj]
C:\Users\pc gold\projet dash\mecanicpro\MecaPro\src\MecaPro.Infrastructure\Services\Services.cs(26,89): warning CS9113: Param??tre 'uow' non lu. [C:\Users\pc gold\projet dash\mecanicpro\MecaPro\src\MecaPro.Infrastructure\MecaPro.Infrastructure.csproj]
C:\Users\pc gold\projet dash\mecanicpro\MecaPro\src\MecaPro.Infrastructure\Services\Services.cs(95,93): warning CS9113: Param??tre 'uow' non lu. [C:\Users\pc gold\projet dash\mecanicpro\MecaPro\src\MecaPro.Infrastructure\MecaPro.Infrastructure.csproj]
C:\Users\pc gold\projet dash\mecanicpro\MecaPro\src\MecaPro.Infrastructure\Services\Services.cs(95,119): warning CS9113: Param??tre 'notifs' non lu. [C:\Users\pc gold\projet dash\mecanicpro\MecaPro\src\MecaPro.Infrastructure\MecaPro.Infrastructure.csproj]
C:\Users\pc gold\projet dash\mecanicpro\MecaPro\src\MecaPro.Infrastructure\Services\Services.cs(106,27): warning CS1998: Cette m??thode async n'a pas d'op??rateur 'await' et elle s'ex??cutera de fa??on synchrone. Utilisez l'op??rateur 'await' pour attendre les appels d'API non bloquants ou 'await Task.Run(???)' pour effectuer un travail utilisant le processeur sur un thread d'arri??re-plan. [C:\Users\pc gold\projet dash\mecanicpro\MecaPro\src\MecaPro.Infrastructure\MecaPro.Infrastructure.csproj]
C:\Users\pc gold\projet dash\mecanicpro\MecaPro\src\MecaPro.Infrastructure\Services\Services.cs(31,77): error CS1061: 'Customer' ne contient pas de d??finition pour 'FirstName' et aucune m??thode d'extension accessible 'FirstName' acceptant un premier argument de type 'Customer' n'a ??t?? trouv??e (une directive using ou une r??f??rence d'assembly est-elle manquante???) [C:\Users\pc gold\projet dash\mecanicpro\MecaPro\src\MecaPro.Infrastructure\MecaPro.Infrastructure.csproj]
C:\Users\pc gold\projet dash\mecanicpro\MecaPro\src\MecaPro.Infrastructure\Services\Services.cs(31,97): error CS1061: 'Customer' ne contient pas de d??finition pour 'LastName' et aucune m??thode d'extension accessible 'LastName' acceptant un premier argument de type 'Customer' n'a ??t?? trouv??e (une directive using ou une r??f??rence d'assembly est-elle manquante???) [C:\Users\pc gold\projet dash\mecanicpro\MecaPro\src\MecaPro.Infrastructure\MecaPro.Infrastructure.csproj]
C:\Users\pc gold\projet dash\mecanicpro\MecaPro\src\MecaPro.Infrastructure\Services\Services.cs(31,107): error CS1503: Argument 4??: conversion impossible de 'MecaPro.Domain.Common.Email' en 'string' [C:\Users\pc gold\projet dash\mecanicpro\MecaPro\src\MecaPro.Infrastructure\MecaPro.Infrastructure.csproj]

??CHEC de la build.

C:\Users\pc gold\projet dash\mecanicpro\MecaPro\src\MecaPro.Infrastructure\Services\Services.cs(120,90): warning CS9113: Param??tre 'email' non lu. [C:\Users\pc gold\projet dash\mecanicpro\MecaPro\src\MecaPro.Infrastructure\MecaPro.Infrastructure.csproj]
C:\Users\pc gold\projet dash\mecanicpro\MecaPro\src\MecaPro.Infrastructure\Auth\Auth.Security.cs(95,95): warning CS9113: Param??tre 'db' non lu. [C:\Users\pc gold\projet dash\mecanicpro\MecaPro\src\MecaPro.Infrastructure\MecaPro.Infrastructure.csproj]
C:\Users\pc gold\projet dash\mecanicpro\MecaPro\src\MecaPro.Infrastructure\Auth\Auth.Security.cs(95,119): warning CS9113: Param??tre 'currentUser' non lu. [C:\Users\pc gold\projet dash\mecanicpro\MecaPro\src\MecaPro.Infrastructure\MecaPro.Infrastructure.csproj]
C:\Users\pc gold\projet dash\mecanicpro\MecaPro\src\MecaPro.Infrastructure\Persistence\Database.cs(161,67): warning CS9113: Param??tre 'userManager' non lu. [C:\Users\pc gold\projet dash\mecanicpro\MecaPro\src\MecaPro.Infrastructure\MecaPro.Infrastructure.csproj]
C:\Users\pc gold\projet dash\mecanicpro\MecaPro\src\MecaPro.Infrastructure\Auth\Auth.Security.cs(116,48): warning CS1998: Cette m??thode async n'a pas d'op??rateur 'await' et elle s'ex??cutera de fa??on synchrone. Utilisez l'op??rateur 'await' pour attendre les appels d'API non bloquants ou 'await Task.Run(???)' pour effectuer un travail utilisant le processeur sur un thread d'arri??re-plan. [C:\Users\pc gold\projet dash\mecanicpro\MecaPro\src\MecaPro.Infrastructure\MecaPro.Infrastructure.csproj]
C:\Users\pc gold\projet dash\mecanicpro\MecaPro\src\MecaPro.Infrastructure\Persistence\Database.cs(115,29): warning CS1998: Cette m??thode async n'a pas d'op??rateur 'await' et elle s'ex??cutera de fa??on synchrone. Utilisez l'op??rateur 'await' pour attendre les appels d'API non bloquants ou 'await Task.Run(???)' pour effectuer un travail utilisant le processeur sur un thread d'arri??re-plan. [C:\Users\pc gold\projet dash\mecanicpro\MecaPro\src\MecaPro.Infrastructure\MecaPro.Infrastructure.csproj]
C:\Users\pc gold\projet dash\mecanicpro\MecaPro\src\MecaPro.Infrastructure\Services\Services.cs(26,73): warning CS9113: Param??tre 'db' non lu. [C:\Users\pc gold\projet dash\mecanicpro\MecaPro\src\MecaPro.Infrastructure\MecaPro.Infrastructure.csproj]
C:\Users\pc gold\projet dash\mecanicpro\MecaPro\src\MecaPro.Infrastructure\Services\Services.cs(26,89): warning CS9113: Param??tre 'uow' non lu. [C:\Users\pc gold\projet dash\mecanicpro\MecaPro\src\MecaPro.Infrastructure\MecaPro.Infrastructure.csproj]
C:\Users\pc gold\projet dash\mecanicpro\MecaPro\src\MecaPro.Infrastructure\Services\Services.cs(95,93): warning CS9113: Param??tre 'uow' non lu. [C:\Users\pc gold\projet dash\mecanicpro\MecaPro\src\MecaPro.Infrastructure\MecaPro.Infrastructure.csproj]
C:\Users\pc gold\projet dash\mecanicpro\MecaPro\src\MecaPro.Infrastructure\Services\Services.cs(95,119): warning CS9113: Param??tre 'notifs' non lu. [C:\Users\pc gold\projet dash\mecanicpro\MecaPro\src\MecaPro.Infrastructure\MecaPro.Infrastructure.csproj]
C:\Users\pc gold\projet dash\mecanicpro\MecaPro\src\MecaPro.Infrastructure\Services\Services.cs(106,27): warning CS1998: Cette m??thode async n'a pas d'op??rateur 'await' et elle s'ex??cutera de fa??on synchrone. Utilisez l'op??rateur 'await' pour attendre les appels d'API non bloquants ou 'await Task.Run(???)' pour effectuer un travail utilisant le processeur sur un thread d'arri??re-plan. [C:\Users\pc gold\projet dash\mecanicpro\MecaPro\src\MecaPro.Infrastructure\MecaPro.Infrastructure.csproj]
C:\Users\pc gold\projet dash\mecanicpro\MecaPro\src\MecaPro.Infrastructure\Services\Services.cs(31,77): error CS1061: 'Customer' ne contient pas de d??finition pour 'FirstName' et aucune m??thode d'extension accessible 'FirstName' acceptant un premier argument de type 'Customer' n'a ??t?? trouv??e (une directive using ou une r??f??rence d'assembly est-elle manquante???) [C:\Users\pc gold\projet dash\mecanicpro\MecaPro\src\MecaPro.Infrastructure\MecaPro.Infrastructure.csproj]
C:\Users\pc gold\projet dash\mecanicpro\MecaPro\src\MecaPro.Infrastructure\Services\Services.cs(31,97): error CS1061: 'Customer' ne contient pas de d??finition pour 'LastName' et aucune m??thode d'extension accessible 'LastName' acceptant un premier argument de type 'Customer' n'a ??t?? trouv??e (une directive using ou une r??f??rence d'assembly est-elle manquante???) [C:\Users\pc gold\projet dash\mecanicpro\MecaPro\src\MecaPro.Infrastructure\MecaPro.Infrastructure.csproj]
C:\Users\pc gold\projet dash\mecanicpro\MecaPro\src\MecaPro.Infrastructure\Services\Services.cs(31,107): error CS1503: Argument 4??: conversion impossible de 'MecaPro.Domain.Common.Email' en 'string' [C:\Users\pc gold\projet dash\mecanicpro\MecaPro\src\MecaPro.Infrastructure\MecaPro.Infrastructure.csproj]
    11 Avertissement(s)
    3 Erreur(s)

Temps ??coul?? 00:00:15.53
